SF:lib/features/withdraw/data/models/payment_model.dart
DA:9,2
DA:10,8
DA:12,0
DA:13,0
DA:14,0
DA:17,0
DA:24,0
DA:25,0
DA:26,0
DA:27,0
DA:28,0
DA:31,2
DA:32,4
DA:33,4
DA:34,4
DA:35,4
DA:36,4
DA:43,0
DA:50,0
DA:51,0
DA:52,0
DA:53,0
DA:54,0
DA:55,0
DA:57,2
DA:58,2
DA:59,2
DA:60,4
DA:61,4
DA:63,0
DA:64,0
DA:65,0
DA:66,0
DA:67,0
DA:68,0
DA:69,0
LF:36
LH:13
end_of_record
SF:lib/features/withdraw/data/models/withdraw_confirm_model.dart
DA:6,0
DA:7,0
DA:8,0
DA:9,0
DA:12,2
DA:16,2
DA:17,2
DA:20,1
DA:21,2
DA:22,2
DA:26,0
DA:30,0
DA:31,0
DA:32,0
DA:34,4
DA:35,4
DA:37,1
DA:38,1
DA:39,2
DA:40,2
LF:20
LH:12
end_of_record
SF:lib/features/withdraw/domain/entities/payment_entity.dart
DA:8,1
LF:1
LH:1
end_of_record
SF:lib/features/withdraw/domain/entities/withdraw_confirm_entity.dart
DA:5,1
LF:1
LH:1
end_of_record
SF:lib/features/withdraw/domain/repositories/withdraw_repository.dart
DA:13,1
DA:14,1
DA:16,2
DA:17,1
DA:20,1
DA:22,2
DA:23,6
LF:7
LH:7
end_of_record
SF:lib/core/base/base_response_parser.dart
DA:7,1
DA:12,1
DA:14,1
DA:15,1
DA:16,2
DA:17,1
DA:21,1
DA:23,2
DA:27,1
DA:28,0
DA:29,0
DA:30,0
DA:33,1
DA:34,2
DA:35,1
DA:36,0
DA:38,1
DA:39,1
DA:40,1
DA:43,2
LF:20
LH:16
end_of_record
SF:lib/core/base/exceptions.dart
DA:4,1
DA:10,1
DA:16,1
LF:3
LH:3
end_of_record
SF:lib/features/withdraw/data/data_soruces/withdraw_datasource.dart
DA:10,1
DA:12,1
DA:14,1
DA:15,2
DA:16,1
DA:17,1
DA:21,1
DA:23,1
DA:24,2
DA:25,2
LF:10
LH:10
end_of_record
SF:lib/features/withdraw/data/services/withdraw_service.dart
DA:13,0
DA:14,0
DA:15,0
DA:16,0
DA:17,0
DA:19,0
DA:20,0
DA:21,0
DA:23,0
DA:25,0
LF:10
LH:0
end_of_record
SF:lib/core/helper/optional_mapper.dart
DA:2,0
DA:7,0
DA:10,0
DA:14,0
DA:18,0
DA:22,1
DA:26,0
DA:30,0
DA:34,0
DA:38,0
DA:42,0
DA:46,0
DA:50,0
DA:54,0
DA:56,0
DA:61,0
DA:63,0
LF:17
LH:1
end_of_record
SF:lib/core/utils/iterables/iterable_compact_map.dart
DA:2,0
DA:3,0
DA:6,0
DA:7,0
DA:12,1
DA:13,2
DA:22,1
DA:23,2
DA:28,0
DA:30,0
DA:31,0
DA:32,0
DA:40,0
DA:42,0
DA:43,0
DA:50,0
DA:52,0
DA:53,0
DA:60,0
DA:62,0
DA:63,0
DA:66,0
DA:71,0
LF:23
LH:4
end_of_record
SF:lib/features/withdraw/data/mappers/payment_extention.dart
DA:5,1
DA:6,1
DA:7,1
DA:8,1
DA:9,1
DA:10,1
DA:11,1
LF:7
LH:7
end_of_record
SF:lib/features/withdraw/data/mappers/withdraw_confirm_extention.dart
DA:5,1
DA:6,1
DA:7,1
DA:8,1
LF:4
LH:4
end_of_record
